{"uid":"2465e8ef124fb18e","name":"Login with multiple parameters -- @1.2 ","fullName":"Login functionality: Login with multiple parameters","historyId":"421fe97aaf5c94aedc4344de2f0fcf21","time":{"start":1703584351618,"stop":1703584364837,"duration":13219},"status":"broken","statusMessage":"selenium.common.exceptions.NoSuchElementException: Message: no such element: Unable to locate element: {\"method\":\"xpath\",\"selector\":\"//*[@id=\"app\"]/div[1]/div[1]/header/div[1]/div[1]/span/h6\"}\n  (Session info: chrome=120.0.6099.129); For documentation on this error, please visit: https://www.selenium.dev/documentation/webdriver/troubleshooting/errors#no-such-element-exception\nStacktrace:\n\tGetHandleVerifier [0x00007FF64BDB2142+3514994]\n\t(No symbol) [0x00007FF64B9D0CE2]\n\t(No symbol) [0x00007FF64B8776AA]\n\t(No symbol) [0x00007FF64B8C1860]\n\t(No symbol) [0x00007FF64B8C197C]\n\t(No symbol) [0x00007FF64B904EE7]\n\t(No symbol) [0x00007FF64B8E602F]\n\t(No symbol) [0x00007FF64B9028F6]\n\t(No symbol) [0x00007FF64B8E5D93]\n\t(No symbol) [0x00007FF64B8B4BDC]\n\t(No symbol) [0x00007FF64B8B5C64]\n\tGetHandleVerifier [0x00007FF64BDDE16B+3695259]\n\tGetHandleVerifier [0x00007FF64BE36737+4057191]\n\tGetHandleVerifier [0x00007FF64BE2E4E3+4023827]\n\tGetHandleVerifier [0x00007FF64BB004F9+689705]\n\t(No symbol) [0x00007FF64B9DC048]\n\t(No symbol) [0x00007FF64B9D8044]\n\t(No symbol) [0x00007FF64B9D81C9]\n\t(No symbol) [0x00007FF64B9C88C4]\n\tBaseThreadInitThunk [0x00007FFF5C99257D+29]\n\tRtlUserThreadStart [0x00007FFF5D6AAA58+40]\n\n","statusTrace":"  File \"C:\\Users\\G51\\PycharmProjects\\BDDPythonProject\\Lib\\site-packages\\behave\\model.py\", line 1329, in run\n    match.run(runner.context)\n  File \"C:\\Users\\G51\\PycharmProjects\\BDDPythonProject\\Lib\\site-packages\\behave\\matchers.py\", line 98, in run\n    self.func(context, *args, **kwargs)\n  File \"features\\steps\\login1.py\", line 29, in step_impl\n    text = context.driver.find_element(By.XPATH,'//*[@id=\"app\"]/div[1]/div[1]/header/div[1]/div[1]/span/h6').text\n           ^^^^^^^^^^^^^^^^^^^^^^^^^^^^^^^^^^^^^^^^^^^^^^^^^^^^^^^^^^^^^^^^^^^^^^^^^^^^^^^^^^^^^^^^^^^^^^^^^\n  File \"C:\\Users\\G51\\PycharmProjects\\BDDPythonProject\\Lib\\site-packages\\selenium\\webdriver\\remote\\webdriver.py\", line 742, in find_element\n    return self.execute(Command.FIND_ELEMENT, {\"using\": by, \"value\": value})[\"value\"]\n           ^^^^^^^^^^^^^^^^^^^^^^^^^^^^^^^^^^^^^^^^^^^^^^^^^^^^^^^^^^^^^^^^^\n  File \"C:\\Users\\G51\\PycharmProjects\\BDDPythonProject\\Lib\\site-packages\\selenium\\webdriver\\remote\\webdriver.py\", line 348, in execute\n    self.error_handler.check_response(response)\n  File \"C:\\Users\\G51\\PycharmProjects\\BDDPythonProject\\Lib\\site-packages\\selenium\\webdriver\\remote\\errorhandler.py\", line 229, in check_response\n    raise exception_class(message, screen, stacktrace)\n","flaky":false,"newFailed":false,"newBroken":false,"newPassed":false,"retriesCount":0,"retriesStatusChange":false,"beforeStages":[],"testStage":{"status":"broken","statusMessage":"selenium.common.exceptions.NoSuchElementException: Message: no such element: Unable to locate element: {\"method\":\"xpath\",\"selector\":\"//*[@id=\"app\"]/div[1]/div[1]/header/div[1]/div[1]/span/h6\"}\n  (Session info: chrome=120.0.6099.129); For documentation on this error, please visit: https://www.selenium.dev/documentation/webdriver/troubleshooting/errors#no-such-element-exception\nStacktrace:\n\tGetHandleVerifier [0x00007FF64BDB2142+3514994]\n\t(No symbol) [0x00007FF64B9D0CE2]\n\t(No symbol) [0x00007FF64B8776AA]\n\t(No symbol) [0x00007FF64B8C1860]\n\t(No symbol) [0x00007FF64B8C197C]\n\t(No symbol) [0x00007FF64B904EE7]\n\t(No symbol) [0x00007FF64B8E602F]\n\t(No symbol) [0x00007FF64B9028F6]\n\t(No symbol) [0x00007FF64B8E5D93]\n\t(No symbol) [0x00007FF64B8B4BDC]\n\t(No symbol) [0x00007FF64B8B5C64]\n\tGetHandleVerifier [0x00007FF64BDDE16B+3695259]\n\tGetHandleVerifier [0x00007FF64BE36737+4057191]\n\tGetHandleVerifier [0x00007FF64BE2E4E3+4023827]\n\tGetHandleVerifier [0x00007FF64BB004F9+689705]\n\t(No symbol) [0x00007FF64B9DC048]\n\t(No symbol) [0x00007FF64B9D8044]\n\t(No symbol) [0x00007FF64B9D81C9]\n\t(No symbol) [0x00007FF64B9C88C4]\n\tBaseThreadInitThunk [0x00007FFF5C99257D+29]\n\tRtlUserThreadStart [0x00007FFF5D6AAA58+40]\n\n","statusTrace":"  File \"C:\\Users\\G51\\PycharmProjects\\BDDPythonProject\\Lib\\site-packages\\behave\\model.py\", line 1329, in run\n    match.run(runner.context)\n  File \"C:\\Users\\G51\\PycharmProjects\\BDDPythonProject\\Lib\\site-packages\\behave\\matchers.py\", line 98, in run\n    self.func(context, *args, **kwargs)\n  File \"features\\steps\\login1.py\", line 29, in step_impl\n    text = context.driver.find_element(By.XPATH,'//*[@id=\"app\"]/div[1]/div[1]/header/div[1]/div[1]/span/h6').text\n           ^^^^^^^^^^^^^^^^^^^^^^^^^^^^^^^^^^^^^^^^^^^^^^^^^^^^^^^^^^^^^^^^^^^^^^^^^^^^^^^^^^^^^^^^^^^^^^^^^\n  File \"C:\\Users\\G51\\PycharmProjects\\BDDPythonProject\\Lib\\site-packages\\selenium\\webdriver\\remote\\webdriver.py\", line 742, in find_element\n    return self.execute(Command.FIND_ELEMENT, {\"using\": by, \"value\": value})[\"value\"]\n           ^^^^^^^^^^^^^^^^^^^^^^^^^^^^^^^^^^^^^^^^^^^^^^^^^^^^^^^^^^^^^^^^^\n  File \"C:\\Users\\G51\\PycharmProjects\\BDDPythonProject\\Lib\\site-packages\\selenium\\webdriver\\remote\\webdriver.py\", line 348, in execute\n    self.error_handler.check_response(response)\n  File \"C:\\Users\\G51\\PycharmProjects\\BDDPythonProject\\Lib\\site-packages\\selenium\\webdriver\\remote\\errorhandler.py\", line 229, in check_response\n    raise exception_class(message, screen, stacktrace)\n","steps":[{"name":"Given I lauched browser chrome","time":{"start":1703584351620,"stop":1703584354785,"duration":3165},"status":"passed","steps":[],"attachments":[],"parameters":[],"stepsCount":0,"attachmentStep":false,"hasContent":false,"attachmentsCount":0,"shouldDisplayMessage":false},{"name":"When I open orange HRM page","time":{"start":1703584354785,"stop":1703584359594,"duration":4809},"status":"passed","steps":[],"attachments":[],"parameters":[],"stepsCount":0,"attachmentStep":false,"hasContent":false,"attachmentsCount":0,"shouldDisplayMessage":false},{"name":"And Enter username \"Admin\" and password \"admin1234\" fields","time":{"start":1703584359594,"stop":1703584359751,"duration":157},"status":"passed","steps":[],"attachments":[],"parameters":[],"stepsCount":0,"attachmentStep":false,"hasContent":false,"attachmentsCount":0,"shouldDisplayMessage":false},{"name":"And clicks on Login","time":{"start":1703584359752,"stop":1703584359811,"duration":59},"status":"passed","steps":[],"attachments":[],"parameters":[],"stepsCount":0,"attachmentStep":false,"hasContent":false,"attachmentsCount":0,"shouldDisplayMessage":false},{"name":"Then user should get logged into Dashboard Page of HRM","time":{"start":1703584359812,"stop":1703584364836,"duration":5024},"status":"broken","statusMessage":"selenium.common.exceptions.NoSuchElementException: Message: no such element: Unable to locate element: {\"method\":\"xpath\",\"selector\":\"//*[@id=\"app\"]/div[1]/div[1]/header/div[1]/div[1]/span/h6\"}\n  (Session info: chrome=120.0.6099.129); For documentation on this error, please visit: https://www.selenium.dev/documentation/webdriver/troubleshooting/errors#no-such-element-exception\nStacktrace:\n\tGetHandleVerifier [0x00007FF64BDB2142+3514994]\n\t(No symbol) [0x00007FF64B9D0CE2]\n\t(No symbol) [0x00007FF64B8776AA]\n\t(No symbol) [0x00007FF64B8C1860]\n\t(No symbol) [0x00007FF64B8C197C]\n\t(No symbol) [0x00007FF64B904EE7]\n\t(No symbol) [0x00007FF64B8E602F]\n\t(No symbol) [0x00007FF64B9028F6]\n\t(No symbol) [0x00007FF64B8E5D93]\n\t(No symbol) [0x00007FF64B8B4BDC]\n\t(No symbol) [0x00007FF64B8B5C64]\n\tGetHandleVerifier [0x00007FF64BDDE16B+3695259]\n\tGetHandleVerifier [0x00007FF64BE36737+4057191]\n\tGetHandleVerifier [0x00007FF64BE2E4E3+4023827]\n\tGetHandleVerifier [0x00007FF64BB004F9+689705]\n\t(No symbol) [0x00007FF64B9DC048]\n\t(No symbol) [0x00007FF64B9D8044]\n\t(No symbol) [0x00007FF64B9D81C9]\n\t(No symbol) [0x00007FF64B9C88C4]\n\tBaseThreadInitThunk [0x00007FFF5C99257D+29]\n\tRtlUserThreadStart [0x00007FFF5D6AAA58+40]\n\n","statusTrace":"  File \"C:\\Users\\G51\\PycharmProjects\\BDDPythonProject\\Lib\\site-packages\\behave\\model.py\", line 1329, in run\n    match.run(runner.context)\n  File \"C:\\Users\\G51\\PycharmProjects\\BDDPythonProject\\Lib\\site-packages\\behave\\matchers.py\", line 98, in run\n    self.func(context, *args, **kwargs)\n  File \"features\\steps\\login1.py\", line 29, in step_impl\n    text = context.driver.find_element(By.XPATH,'//*[@id=\"app\"]/div[1]/div[1]/header/div[1]/div[1]/span/h6').text\n           ^^^^^^^^^^^^^^^^^^^^^^^^^^^^^^^^^^^^^^^^^^^^^^^^^^^^^^^^^^^^^^^^^^^^^^^^^^^^^^^^^^^^^^^^^^^^^^^^^\n  File \"C:\\Users\\G51\\PycharmProjects\\BDDPythonProject\\Lib\\site-packages\\selenium\\webdriver\\remote\\webdriver.py\", line 742, in find_element\n    return self.execute(Command.FIND_ELEMENT, {\"using\": by, \"value\": value})[\"value\"]\n           ^^^^^^^^^^^^^^^^^^^^^^^^^^^^^^^^^^^^^^^^^^^^^^^^^^^^^^^^^^^^^^^^^\n  File \"C:\\Users\\G51\\PycharmProjects\\BDDPythonProject\\Lib\\site-packages\\selenium\\webdriver\\remote\\webdriver.py\", line 348, in execute\n    self.error_handler.check_response(response)\n  File \"C:\\Users\\G51\\PycharmProjects\\BDDPythonProject\\Lib\\site-packages\\selenium\\webdriver\\remote\\errorhandler.py\", line 229, in check_response\n    raise exception_class(message, screen, stacktrace)\n","steps":[],"attachments":[],"parameters":[],"stepsCount":0,"attachmentStep":false,"hasContent":true,"attachmentsCount":0,"shouldDisplayMessage":true}],"attachments":[],"parameters":[],"stepsCount":5,"attachmentStep":false,"hasContent":true,"attachmentsCount":0,"shouldDisplayMessage":false},"afterStages":[],"labels":[{"name":"severity","value":"normal"},{"name":"feature","value":"Login functionality"},{"name":"framework","value":"behave"},{"name":"language","value":"cpython3"},{"name":"resultFormat","value":"allure2"}],"parameters":[{"name":"password","value":"admin1234"},{"name":"username","value":"Admin"}],"links":[],"hidden":false,"retry":false,"extra":{"severity":"normal","retries":[],"categories":[{"name":"Test defects","matchedStatuses":[],"flaky":false}],"tags":[]},"source":"2465e8ef124fb18e.json","parameterValues":["admin1234","Admin"]}